\\stuhome\homedrive2$\1401292\github\honoursproject\debug\particle.obj
\\stuhome\homedrive2$\1401292\github\honoursproject\debug\app.obj
\\stuhome\homedrive2$\1401292\github\honoursproject\debug\vc141.pdb
\\stuhome\homedrive2$\1401292\github\honoursproject\debug\scene.obj
\\stuhome\homedrive2$\1401292\github\honoursproject\debug\lighting.obj
\\stuhome\homedrive2$\1401292\github\honoursproject\debug\mathhelper.obj
\\stuhome\homedrive2$\1401292\github\honoursproject\debug\geometrygenerator.obj
\\stuhome\homedrive2$\1401292\github\honoursproject\debug\gametimer.obj
\\stuhome\homedrive2$\1401292\github\honoursproject\debug\ddstextureloader.obj
\\stuhome\homedrive2$\1401292\github\honoursproject\debug\d3dutil.obj
\\stuhome\homedrive2$\1401292\github\honoursproject\debug\d3dapp.obj
\\stuhome\homedrive2$\1401292\github\honoursproject\debug\camera.obj
c:\users\alastair ross\documents\github\honoursproject\debug\vc141.pdb
c:\users\alastair ross\documents\github\honoursproject\debug\vc141.idb
c:\users\alastair ross\documents\github\honoursproject\debug\scene.obj
c:\users\alastair ross\documents\github\honoursproject\debug\particle.obj
c:\users\alastair ross\documents\github\honoursproject\debug\lighting.obj
c:\users\alastair ross\documents\github\honoursproject\debug\app.obj
c:\users\alastair ross\documents\github\honoursproject\debug\mathhelper.obj
c:\users\alastair ross\documents\github\honoursproject\debug\geometrygenerator.obj
c:\users\alastair ross\documents\github\honoursproject\debug\gametimer.obj
c:\users\alastair ross\documents\github\honoursproject\debug\ddstextureloader.obj
c:\users\alastair ross\documents\github\honoursproject\debug\d3dutil.obj
c:\users\alastair ross\documents\github\honoursproject\debug\d3dapp.obj
c:\users\alastair ross\documents\github\honoursproject\debug\camera.obj
c:\users\alastair ross\documents\github\honoursproject\debug\honours project.pdb
c:\users\alastair ross\documents\github\honoursproject\debug\honours project.tlog\cl.command.1.tlog
c:\users\alastair ross\documents\github\honoursproject\debug\honours project.tlog\cl.read.1.tlog
c:\users\alastair ross\documents\github\honoursproject\debug\honours project.tlog\cl.write.1.tlog
c:\users\alastair ross\documents\github\honoursproject\debug\honours project.tlog\link-cvtres.read.1.tlog
c:\users\alastair ross\documents\github\honoursproject\debug\honours project.tlog\link-cvtres.write.1.tlog
c:\users\alastair ross\documents\github\honoursproject\debug\honours project.tlog\link-rc.read.1.tlog
c:\users\alastair ross\documents\github\honoursproject\debug\honours project.tlog\link-rc.write.1.tlog
c:\users\alastair ross\documents\github\honoursproject\debug\honours project.tlog\link.12212-cvtres.read.1.tlog
c:\users\alastair ross\documents\github\honoursproject\debug\honours project.tlog\link.12212-cvtres.write.1.tlog
c:\users\alastair ross\documents\github\honoursproject\debug\honours project.tlog\link.12212-rc.read.1.tlog
c:\users\alastair ross\documents\github\honoursproject\debug\honours project.tlog\link.12212-rc.write.1.tlog
c:\users\alastair ross\documents\github\honoursproject\debug\honours project.tlog\link.12212.read.1.tlog
c:\users\alastair ross\documents\github\honoursproject\debug\honours project.tlog\link.12212.write.1.tlog
c:\users\alastair ross\documents\github\honoursproject\debug\honours project.tlog\link.command.1.tlog
c:\users\alastair ross\documents\github\honoursproject\debug\honours project.tlog\link.read.1.tlog
c:\users\alastair ross\documents\github\honoursproject\debug\honours project.tlog\link.write.1.tlog
