  ACSystem.cpp
  Camera.cpp
  d3dApp.cpp
  d3dUtil.cpp
  DDSTextureLoader.cpp
  GameTimer.cpp
  GeometryGenerator.cpp
  MathHelper.cpp
  App.cpp
  Controls.cpp
  GPUParticleManager.cpp
\\stuhome\homedrive2$\1401292\github\honoursproject\gpuparticlemanager.cpp(24): warning C4244: '+=': conversion from 'double' to 'float', possible loss of data
\\stuhome\homedrive2$\1401292\github\honoursproject\gpuparticlemanager.cpp(25): warning C4244: '+=': conversion from 'double' to 'float', possible loss of data
\\stuhome\homedrive2$\1401292\github\honoursproject\gpuparticlemanager.cpp(26): warning C4244: '+=': conversion from 'double' to 'float', possible loss of data
  imgui.cpp
  imgui_demo.cpp
  imgui_draw.cpp
  imgui_impl_dx12.cpp
  imgui_impl_win32.cpp
  imgui_widgets.cpp
  ModelLoader.cpp
\\stuhome\homedrive2$\1401292\github\honoursproject\modelloader.cpp(42): warning C4267: 'argument': conversion from 'size_t' to 'GeometryGenerator::uint32', possible loss of data
\\stuhome\homedrive2$\1401292\github\honoursproject\modelloader.cpp(102): warning C4267: 'argument': conversion from 'size_t' to 'GeometryGenerator::uint32', possible loss of data
  ParticleManager.cpp
  UI.cpp
  Generating Code...
  Honours Project.vcxproj -> \\StuHome\HomeDrive2$\1401292\GitHub\HonoursProject\x64\Debug\Honours Project.exe
