c:\users\alastair ross\documents\github\honoursproject\x64\debug\vc141.pdb
c:\users\alastair ross\documents\github\honoursproject\x64\debug\vc141.idb
c:\users\alastair ross\documents\github\honoursproject\x64\debug\particlemanager.obj
c:\users\alastair ross\documents\github\honoursproject\x64\debug\modelloader.obj
c:\users\alastair ross\documents\github\honoursproject\x64\debug\main.obj
c:\users\alastair ross\documents\github\honoursproject\x64\debug\imgui_widgets.obj
c:\users\alastair ross\documents\github\honoursproject\x64\debug\imgui_impl_win32.obj
c:\users\alastair ross\documents\github\honoursproject\x64\debug\imgui_impl_dx12.obj
c:\users\alastair ross\documents\github\honoursproject\x64\debug\imgui_draw.obj
c:\users\alastair ross\documents\github\honoursproject\x64\debug\imgui_demo.obj
c:\users\alastair ross\documents\github\honoursproject\x64\debug\imgui.obj
c:\users\alastair ross\documents\github\honoursproject\x64\debug\controls.obj
c:\users\alastair ross\documents\github\honoursproject\x64\debug\app.obj
c:\users\alastair ross\documents\github\honoursproject\x64\debug\mathhelper.obj
c:\users\alastair ross\documents\github\honoursproject\x64\debug\geometrygenerator.obj
c:\users\alastair ross\documents\github\honoursproject\x64\debug\gametimer.obj
c:\users\alastair ross\documents\github\honoursproject\x64\debug\ddstextureloader.obj
c:\users\alastair ross\documents\github\honoursproject\x64\debug\d3dutil.obj
c:\users\alastair ross\documents\github\honoursproject\x64\debug\d3dapp.obj
c:\users\alastair ross\documents\github\honoursproject\x64\debug\camera.obj
c:\users\alastair ross\documents\github\honoursproject\x64\debug\honours project.exe
c:\users\alastair ross\documents\github\honoursproject\x64\debug\honours project.ilk
c:\users\alastair ross\documents\github\honoursproject\x64\debug\honours project.pdb
c:\users\alastair ross\documents\github\honoursproject\x64\debug\boxapp.obj
c:\users\alastair ross\documents\github\honoursproject\x64\debug\box.ilk
c:\users\alastair ross\documents\github\honoursproject\x64\debug\box.pdb
c:\users\alastair ross\documents\github\honoursproject\x64\debug\honours project.tlog\cl.command.1.tlog
c:\users\alastair ross\documents\github\honoursproject\x64\debug\honours project.tlog\cl.read.1.tlog
c:\users\alastair ross\documents\github\honoursproject\x64\debug\honours project.tlog\cl.write.1.tlog
c:\users\alastair ross\documents\github\honoursproject\x64\debug\honours project.tlog\fxc.command.1.tlog
c:\users\alastair ross\documents\github\honoursproject\x64\debug\honours project.tlog\fxc.read.1.tlog
c:\users\alastair ross\documents\github\honoursproject\x64\debug\honours project.tlog\link.command.1.tlog
c:\users\alastair ross\documents\github\honoursproject\x64\debug\honours project.tlog\link.read.1.tlog
c:\users\alastair ross\documents\github\honoursproject\x64\debug\honours project.tlog\link.write.1.tlog
